<?xml version="1.0" encoding="UTF-8"?>
<!-- Generated by org.testng.reporters.JUnitReportReporter -->
<testsuite hostname="INBOOK_X1_SLIM" failures="0" tests="2" name="regression_test_cases.LoginTestcases" time="61.570" errors="0" timestamp="2024-06-17T01:55:40 IST" skipped="0">
  <testcase classname="regression_test_cases.LoginTestcases" name="TC_Login_and_Logout" time="11.980"/>
  <system-out/>
  <testcase classname="regression_test_cases.LoginTestcases" name="TC_Add_New_Customer" time="49.590"/>
  <system-out/>
</testsuite> <!-- regression_test_cases.LoginTestcases -->
