<?xml version="1.0" encoding="UTF-8"?>
<!-- Generated by org.testng.reporters.JUnitReportReporter -->
<testsuite hostname="INBOOK_X1_SLIM" failures="0" tests="2" name="regression_test_cases.LoginTestcases" time="59.722" errors="0" timestamp="2024-06-17T01:34:11 IST" skipped="0">
  <testcase classname="regression_test_cases.LoginTestcases" name="TC_Login_and_Logout" time="12.857"/>
  <system-out/>
  <testcase classname="regression_test_cases.LoginTestcases" name="TC_Add_New_Customer" time="46.865"/>
  <system-out/>
</testsuite> <!-- regression_test_cases.LoginTestcases -->
