<?xml version="1.0" encoding="UTF-8"?>
<!-- Generated by org.testng.reporters.JUnitReportReporter -->
<testsuite hostname="INBOOK_X1_SLIM" failures="0" tests="2" name="regression_test_cases.LoginTestcases" time="50.921" errors="0" timestamp="2024-06-02T17:58:11 IST" skipped="1">
  <testcase classname="regression_test_cases.LoginTestcases" name="TC_Add_New_Customer" time="50.921"/>
  <system-out/>
  <testcase classname="regression_test_cases.LoginTestcases" name="TC_Login_and_Logout">
    <skipped/>
  </testcase> <!-- TC_Login_and_Logout -->
  <system-out/>
</testsuite> <!-- regression_test_cases.LoginTestcases -->
